<?xml version="1.0" encoding="UTF-8"?>
<testsuite name="com.UserRegistration.UserRegistrationTest" tests="34" skipped="0" failures="1" errors="0" timestamp="2021-08-01T15:28:38" hostname="DESKTOP-UD4BENK" time="0.053">
  <properties/>
  <testcase name="givenPhoneNumber_WhenEmpty_ShouldReturnException" classname="com.UserRegistration.UserRegistrationTest" time="0.005"/>
  <testcase name="givenFirstName_WithNumberOrSpecialChar_ShouldReturnFalse" classname="com.UserRegistration.UserRegistrationTest" time="0.003"/>
  <testcase name="givenMail_WithOptionalTld_ShouldReturnTrue" classname="com.UserRegistration.UserRegistrationTest" time="0.001"/>
  <testcase name="givenLastName_WhenValid_ShouldReturnTrue" classname="com.UserRegistration.UserRegistrationTest" time="0.001"/>
  <testcase name="givenEmail_WhenEmpty_ShouldReturnException" classname="com.UserRegistration.UserRegistrationTest" time="0.0"/>
  <testcase name="givenPassword_WhenNoNumber_ShouldReturnFalse" classname="com.UserRegistration.UserRegistrationTest" time="0.001"/>
  <testcase name="givenLastName_WhenStartingNotCapital_ShouldReturnFalse" classname="com.UserRegistration.UserRegistrationTest" time="0.0"/>
  <testcase name="givenMail_WithOptionalUserName_ShouldReturnTrue" classname="com.UserRegistration.UserRegistrationTest" time="0.0"/>
  <testcase name="givenLastName_WhenEmpty_ShouldReturnException" classname="com.UserRegistration.UserRegistrationTest" time="0.0"/>
  <testcase name="givenFirstName_WhenEmpty_ShouldReturnException" classname="com.UserRegistration.UserRegistrationTest" time="0.001"/>
  <testcase name="givenMail_WhenValid_ShouldReturnTrue" classname="com.UserRegistration.UserRegistrationTest" time="0.001"/>
  <testcase name="givenMobileNumber_WhenValid_ShouldReturnTrue" classname="com.UserRegistration.UserRegistrationTest" time="0.0"/>
  <testcase name="givenFirstName_WhenValid_ShouldReturnTrue" classname="com.UserRegistration.UserRegistrationTest" time="0.0"/>
  <testcase name="givenLastName_WhenShort_ShouldReturnFalse" classname="com.UserRegistration.UserRegistrationTest" time="0.001"/>
  <testcase name="givenPassword_WhenNull_ShouldReturnException" classname="com.UserRegistration.UserRegistrationTest" time="0.001"/>
  <testcase name="givenFirstName_WhenNull_ShouldReturnException" classname="com.UserRegistration.UserRegistrationTest" time="0.002"/>
  <testcase name="givenPassword_WhenNoUpperCase_ShouldReturnFalse" classname="com.UserRegistration.UserRegistrationTest" time="0.002"/>
  <testcase name="givenPassword_WhenEmpty_ShouldReturnException" classname="com.UserRegistration.UserRegistrationTest" time="0.002"/>
  <testcase name="givenPassword_WhenValid_ShouldReturnTrue" classname="com.UserRegistration.UserRegistrationTest" time="0.0"/>
  <testcase name="givenEmail_WhenNull_ShouldReturnException" classname="com.UserRegistration.UserRegistrationTest" time="0.001"/>
  <testcase name="givenPassword_WhenShort_ShouldReturnFalse" classname="com.UserRegistration.UserRegistrationTest" time="0.001"/>
  <testcase name="givenFirstName_WhenStartingNotCapital_ShouldReturnFalse" classname="com.UserRegistration.UserRegistrationTest" time="0.001"/>
  <testcase name="givenMobileNumber_WhenNoCountryCode_ShouldReturnFalse" classname="com.UserRegistration.UserRegistrationTest" time="0.001"/>
  <testcase name="givenMobileNumber_WhenNoSpaceAfterCode_ShouldReturnFalse" classname="com.UserRegistration.UserRegistrationTest" time="0.001"/>
  <testcase name="givenMail_WithoutUserName_ShouldReturnFalse" classname="com.UserRegistration.UserRegistrationTest" time="0.0"/>
  <testcase name="givenMail_WithoutMainTld_ShouldReturnFalse" classname="com.UserRegistration.UserRegistrationTest" time="0.004">
    <failure message="java.lang.AssertionError" type="java.lang.AssertionError">java.lang.AssertionError
	at org.junit.Assert.fail(Assert.java:87)
	at org.junit.Assert.assertTrue(Assert.java:42)
	at org.junit.Assert.assertFalse(Assert.java:65)
	at org.junit.Assert.assertFalse(Assert.java:75)
	at com.UserRegistration.UserRegistrationTest.givenMail_WithoutMainTld_ShouldReturnFalse(UserRegistrationTest.java:76)
	at java.base/jdk.internal.reflect.NativeMethodAccessorImpl.invoke0(Native Method)
	at java.base/jdk.internal.reflect.NativeMethodAccessorImpl.invoke(NativeMethodAccessorImpl.java:78)
	at java.base/jdk.internal.reflect.DelegatingMethodAccessorImpl.invoke(DelegatingMethodAccessorImpl.java:43)
	at java.base/java.lang.reflect.Method.invoke(Method.java:567)
	at org.junit.runners.model.FrameworkMethod$1.runReflectiveCall(FrameworkMethod.java:59)
	at org.junit.internal.runners.model.ReflectiveCallable.run(ReflectiveCallable.java:12)
	at org.junit.runners.model.FrameworkMethod.invokeExplosively(FrameworkMethod.java:56)
	at org.junit.internal.runners.statements.InvokeMethod.evaluate(InvokeMethod.java:17)
	at org.junit.runners.ParentRunner$3.evaluate(ParentRunner.java:306)
	at org.junit.runners.BlockJUnit4ClassRunner$1.evaluate(BlockJUnit4ClassRunner.java:100)
	at org.junit.runners.ParentRunner.runLeaf(ParentRunner.java:366)
	at org.junit.runners.BlockJUnit4ClassRunner.runChild(BlockJUnit4ClassRunner.java:103)
	at org.junit.runners.BlockJUnit4ClassRunner.runChild(BlockJUnit4ClassRunner.java:63)
	at org.junit.runners.ParentRunner$4.run(ParentRunner.java:331)
	at org.junit.runners.ParentRunner$1.schedule(ParentRunner.java:79)
	at org.junit.runners.ParentRunner.runChildren(ParentRunner.java:329)
	at org.junit.runners.ParentRunner.access$100(ParentRunner.java:66)
	at org.junit.runners.ParentRunner$2.evaluate(ParentRunner.java:293)
	at org.junit.runners.ParentRunner$3.evaluate(ParentRunner.java:306)
	at org.junit.runners.ParentRunner.run(ParentRunner.java:413)
	at org.gradle.api.internal.tasks.testing.junit.JUnitTestClassExecutor.runTestClass(JUnitTestClassExecutor.java:110)
	at org.gradle.api.internal.tasks.testing.junit.JUnitTestClassExecutor.execute(JUnitTestClassExecutor.java:58)
	at org.gradle.api.internal.tasks.testing.junit.JUnitTestClassExecutor.execute(JUnitTestClassExecutor.java:38)
	at org.gradle.api.internal.tasks.testing.junit.AbstractJUnitTestClassProcessor.processTestClass(AbstractJUnitTestClassProcessor.java:62)
	at org.gradle.api.internal.tasks.testing.SuiteTestClassProcessor.processTestClass(SuiteTestClassProcessor.java:51)
	at java.base/jdk.internal.reflect.NativeMethodAccessorImpl.invoke0(Native Method)
	at java.base/jdk.internal.reflect.NativeMethodAccessorImpl.invoke(NativeMethodAccessorImpl.java:78)
	at java.base/jdk.internal.reflect.DelegatingMethodAccessorImpl.invoke(DelegatingMethodAccessorImpl.java:43)
	at java.base/java.lang.reflect.Method.invoke(Method.java:567)
	at org.gradle.internal.dispatch.ReflectionDispatch.dispatch(ReflectionDispatch.java:36)
	at org.gradle.internal.dispatch.ReflectionDispatch.dispatch(ReflectionDispatch.java:24)
	at org.gradle.internal.dispatch.ContextClassLoaderDispatch.dispatch(ContextClassLoaderDispatch.java:33)
	at org.gradle.internal.dispatch.ProxyDispatchAdapter$DispatchingInvocationHandler.invoke(ProxyDispatchAdapter.java:94)
	at jdk.proxy1/jdk.proxy1.$Proxy2.processTestClass(Unknown Source)
	at org.gradle.api.internal.tasks.testing.worker.TestWorker.processTestClass(TestWorker.java:121)
	at java.base/jdk.internal.reflect.NativeMethodAccessorImpl.invoke0(Native Method)
	at java.base/jdk.internal.reflect.NativeMethodAccessorImpl.invoke(NativeMethodAccessorImpl.java:78)
	at java.base/jdk.internal.reflect.DelegatingMethodAccessorImpl.invoke(DelegatingMethodAccessorImpl.java:43)
	at java.base/java.lang.reflect.Method.invoke(Method.java:567)
	at org.gradle.internal.dispatch.ReflectionDispatch.dispatch(ReflectionDispatch.java:36)
	at org.gradle.internal.dispatch.ReflectionDispatch.dispatch(ReflectionDispatch.java:24)
	at org.gradle.internal.remote.internal.hub.MessageHubBackedObjectConnection$DispatchWrapper.dispatch(MessageHubBackedObjectConnection.java:182)
	at org.gradle.internal.remote.internal.hub.MessageHubBackedObjectConnection$DispatchWrapper.dispatch(MessageHubBackedObjectConnection.java:164)
	at org.gradle.internal.remote.internal.hub.MessageHub$Handler.run(MessageHub.java:414)
	at org.gradle.internal.concurrent.ExecutorPolicy$CatchAndRecordFailures.onExecute(ExecutorPolicy.java:64)
	at org.gradle.internal.concurrent.ManagedExecutorImpl$1.run(ManagedExecutorImpl.java:48)
	at java.base/java.util.concurrent.ThreadPoolExecutor.runWorker(ThreadPoolExecutor.java:1130)
	at java.base/java.util.concurrent.ThreadPoolExecutor$Worker.run(ThreadPoolExecutor.java:630)
	at org.gradle.internal.concurrent.ThreadFactoryImpl$ManagedThreadRunnable.run(ThreadFactoryImpl.java:56)
	at java.base/java.lang.Thread.run(Thread.java:831)
</failure>
  </testcase>
  <testcase name="givenMail_WithoutAtTheRate_ShouldReturnFalse" classname="com.UserRegistration.UserRegistrationTest" time="0.001"/>
  <testcase name="givenMobileNumber_WhenShort_ShouldReturnFalse" classname="com.UserRegistration.UserRegistrationTest" time="0.003"/>
  <testcase name="givenFirstName_WhenShort_ShouldReturnFalse" classname="com.UserRegistration.UserRegistrationTest" time="0.0"/>
  <testcase name="givenMail_WithoutDomainName_ShouldReturnFalse" classname="com.UserRegistration.UserRegistrationTest" time="0.001"/>
  <testcase name="givenPhoneNumber_WhenNull_ShouldReturnException" classname="com.UserRegistration.UserRegistrationTest" time="0.001"/>
  <testcase name="givenLastName_WithNumberOrSpecialChar_ShouldReturnFalse" classname="com.UserRegistration.UserRegistrationTest" time="0.0"/>
  <testcase name="givenPassword_With2SpecialChar_ShouldReturnFalse" classname="com.UserRegistration.UserRegistrationTest" time="0.001"/>
  <testcase name="givenLastName_WhenNull_ShouldReturnException" classname="com.UserRegistration.UserRegistrationTest" time="0.0"/>
  <system-out><![CDATA[invalid
valid
valid
invalid
invalid
valid
valid
valid
valid
invalid
invalid
valid
invalid
invalid
invalid
invalid
invalid
valid
invalid
invalid
invalid
invalid
invalid
invalid
]]></system-out>
  <system-err><![CDATA[]]></system-err>
</testsuite>
